<!DOCTYPE html PUBLIC "-//W3C//DTD XHTML 1.1//EN" "https://www.w3.org/TR/xhtml11/DTD/xhtml11.dtd">
<html xmlns="https://www.w3.org/1999/xhtml">
<head>
<meta http-equiv="content-type" content="text/html; charset=UTF-8"/>
<title>TestNG Report</title>
<style type="text/css">table {margin-bottom:10px;border-collapse:collapse;empty-cells:show}th,td {border:1px solid #009;padding:.25em .5em}th {vertical-align:bottom}td {vertical-align:top}table a {font-weight:bold}.stripe td {background-color: #E6EBF9}.num {text-align:right}.passedodd td {background-color: #3F3}.passedeven td {background-color: #0A0}.skippedodd td {background-color: #DDD}.skippedeven td {background-color: #CCC}.failedodd td,.attn {background-color: #F33}.failedeven td,.stripe .attn {background-color: #D00}.stacktrace {white-space:pre;font-family:monospace}.totop {font-size:85%;text-align:center;border-bottom:2px solid #000}.invisible {display:none}</style>
</head>
<body>
<table>
<tr><th>Test</th><th># Passed</th><th># Skipped</th><th># Retried</th><th># Failed</th><th>Time (ms)</th><th>Included Groups</th><th>Excluded Groups</th></tr>
<tr><th colspan="8">Suite</th></tr>
<tr><td><a href="#t0">Test</a></td><td class="num">4</td><td class="num">0</td><td class="num">0</td><td class="num attn">6</td><td class="num">122,758</td><td></td><td></td></tr>
</table>
<table id='summary'><thead><tr><th>Class</th><th>Method</th><th>Start</th><th>Time (ms)</th></tr></thead><tbody><tr><th colspan="4">Suite</th></tr></tbody><tbody id="t0"><tr><th colspan="4">Test &#8212; failed</th></tr><tr class="failedeven"><td rowspan="2">Test_Application_Scripts.BaseClass</td><td><a href="#m0">fileUpload</a></td><td rowspan="1">1715490052578</td><td rowspan="1">27097</td></tr><tr class="failedeven"><td><a href="#m1">getAllLinks</a></td><td rowspan="1">1715490008768</td><td rowspan="1">15411</td></tr><tr class="failedodd"><td rowspan="4">Test_Application_Scripts.UtilsTestNg</td><td><a href="#m2">openALLinks</a></td><td rowspan="2">1715490003430</td><td rowspan="2">5153</td></tr><tr class="failedodd"><td><a href="#m3">openALLinks</a></td></tr><tr class="failedodd"><td><a href="#m4">registerApp</a></td><td rowspan="2">1715489988600</td><td rowspan="2">1723</td></tr><tr class="failedodd"><td><a href="#m5">registerApp</a></td></tr><tr><th colspan="4">Test &#8212; passed</th></tr><tr class="passedeven"><td rowspan="2">Test_Application_Scripts.BaseClass</td><td><a href="#m6">dropDown</a></td><td rowspan="1">1715490024181</td><td rowspan="1">28396</td></tr><tr class="passedeven"><td><a href="#m7">takeSectionScreenshot</a></td><td rowspan="1">1715490008586</td><td rowspan="1">179</td></tr><tr class="passedodd"><td rowspan="2">Test_Application_Scripts.UtilsTestNg</td><td><a href="#m8">getScreenshotOfFooter</a></td><td rowspan="2">1715489991284</td><td rowspan="2">3361</td></tr><tr class="passedodd"><td><a href="#m9">getScreenshotOfFooter</a></td></tr></tbody>
</table>
<h2>Test</h2><h3 id="m0">Test_Application_Scripts.BaseClass#fileUpload</h3><table class="result"><tr><th>Exception</th></tr><tr><td><div class="stacktrace">org.openqa.selenium.InvalidArgumentException: invalid argument
  (Session info: chrome=124.0.6367.119)
Build info: version: &apos;4.20.0&apos;, revision: &apos;866c76ca80&apos;
System info: os.name: &apos;Windows 10&apos;, os.arch: &apos;amd64&apos;, os.version: &apos;10.0&apos;, java.version: &apos;17.0.10&apos;
Driver info: org.openqa.selenium.chrome.ChromeDriver
Command: [d17fff6bedf8fd68920273ab00351db1, clickElement {id=f.9667AB6BD9A4279772CF734630312AB6.d.B71AAEB7612529C041C49F8C6AD57C70.e.60}]
Capabilities {acceptInsecureCerts: false, browserName: chrome, browserVersion: 124.0.6367.119, chrome: {chromedriverVersion: 124.0.6367.201 (46cf136d27d..., userDataDir: C:\Users\MOOKAP~1\AppData\L...}, fedcm:accounts: true, goog:chromeOptions: {debuggerAddress: localhost:53065}, networkConnectionEnabled: false, pageLoadStrategy: normal, platformName: windows, proxy: Proxy(), se:cdp: ws://localhost:53065/devtoo..., se:cdpVersion: 124.0.6367.119, setWindowRect: true, strictFileInteractability: false, timeouts: {implicit: 0, pageLoad: 300000, script: 30000}, unhandledPromptBehavior: dismiss and notify, webauthn:extension:credBlob: true, webauthn:extension:largeBlob: true, webauthn:extension:minPinLength: true, webauthn:extension:prf: true, webauthn:virtualAuthenticators: true}
Element: [[ChromeDriver: chrome on windows (d17fff6bedf8fd68920273ab00351db1)] -&gt; xpath: //*[@id=&apos;input-4&apos;]]
Session ID: d17fff6bedf8fd68920273ab00351db1
	at org.openqa.selenium.remote.ErrorCodec.decode(ErrorCodec.java:167)
	at org.openqa.selenium.remote.codec.w3c.W3CHttpResponseCodec.decode(W3CHttpResponseCodec.java:138)
	at org.openqa.selenium.remote.codec.w3c.W3CHttpResponseCodec.decode(W3CHttpResponseCodec.java:50)
	at org.openqa.selenium.remote.HttpCommandExecutor.execute(HttpCommandExecutor.java:190)
	at org.openqa.selenium.remote.service.DriverCommandExecutor.invokeExecute(DriverCommandExecutor.java:216)
	at org.openqa.selenium.remote.service.DriverCommandExecutor.execute(DriverCommandExecutor.java:174)
	at org.openqa.selenium.remote.RemoteWebDriver.execute(RemoteWebDriver.java:518)
	at org.openqa.selenium.remote.RemoteWebElement.execute(RemoteWebElement.java:223)
	at org.openqa.selenium.remote.RemoteWebElement.click(RemoteWebElement.java:76)
	at Test_Application_Scripts.BaseClass.fileUpload(BaseClass.java:82)
	at java.base/java.util.ArrayList.forEach(ArrayList.java:1511)
... Removed 32 stack frames</div></td></tr></table><p class="totop"><a href="#summary">back to summary</a></p>
<h3 id="m1">Test_Application_Scripts.BaseClass#getAllLinks</h3><table class="result"><tr><th>Exception</th></tr><tr><td><div class="stacktrace">java.net.MalformedURLException: unknown protocol: javascript
	at java.base/java.net.URL.&lt;init&gt;(URL.java:681)
	at java.base/java.net.URL.&lt;init&gt;(URL.java:569)
	at java.base/java.net.URL.&lt;init&gt;(URL.java:516)
	at Test_Application_Scripts.BaseClass.getAllLinks(BaseClass.java:47)
	at java.base/java.util.ArrayList.forEach(ArrayList.java:1511)
... Removed 27 stack frames</div></td></tr></table><p class="totop"><a href="#summary">back to summary</a></p>
<h3 id="m2">Test_Application_Scripts.UtilsTestNg#openALLinks</h3><table class="result"><tr><th>Exception</th></tr><tr><td><div class="stacktrace">java.net.MalformedURLException: Cannot invoke &quot;String.length()&quot; because &quot;spec&quot; is null
	at java.base/java.net.URL.&lt;init&gt;(URL.java:708)
	at java.base/java.net.URL.&lt;init&gt;(URL.java:569)
	at java.base/java.net.URL.&lt;init&gt;(URL.java:516)
	at Test_Application_Scripts.UtilsTestNg.openALLinks(UtilsTestNg.java:71)
	at java.base/java.util.ArrayList.forEach(ArrayList.java:1511)
Caused by: java.lang.NullPointerException: Cannot invoke &quot;String.length()&quot; because &quot;spec&quot; is null
	at java.base/java.net.URL.&lt;init&gt;(URL.java:614)
	... 31 more
... Removed 27 stack frames</div></td></tr></table><p class="totop"><a href="#summary">back to summary</a></p>
<h3 id="m3">Test_Application_Scripts.UtilsTestNg#openALLinks</h3><table class="result"><tr><th>Exception</th></tr><tr><td><div class="stacktrace">java.net.MalformedURLException: Cannot invoke &quot;String.length()&quot; because &quot;spec&quot; is null
	at java.base/java.net.URL.&lt;init&gt;(URL.java:708)
	at java.base/java.net.URL.&lt;init&gt;(URL.java:569)
	at java.base/java.net.URL.&lt;init&gt;(URL.java:516)
	at Test_Application_Scripts.UtilsTestNg.openALLinks(UtilsTestNg.java:71)
	at java.base/java.util.ArrayList.forEach(ArrayList.java:1511)
Caused by: java.lang.NullPointerException: Cannot invoke &quot;String.length()&quot; because &quot;spec&quot; is null
	at java.base/java.net.URL.&lt;init&gt;(URL.java:614)
	... 31 more
... Removed 27 stack frames</div></td></tr></table><p class="totop"><a href="#summary">back to summary</a></p>
<h3 id="m4">Test_Application_Scripts.UtilsTestNg#registerApp</h3><table class="result"><tr><th>Exception</th></tr><tr><td><div class="stacktrace">org.openqa.selenium.JavascriptException: javascript error: documents is not defined
  (Session info: chrome=124.0.6367.119)
Build info: version: &apos;4.20.0&apos;, revision: &apos;866c76ca80&apos;
System info: os.name: &apos;Windows 10&apos;, os.arch: &apos;amd64&apos;, os.version: &apos;10.0&apos;, java.version: &apos;17.0.10&apos;
Driver info: org.openqa.selenium.chrome.ChromeDriver
Command: [8b84e9a69dede782c4f4573ef0cbf0e6, executeScript {args=[{element-6066-11e4-a52e-4f735466cecf=f.0FAEE8B56FFF8F731279161D53EFCD64.d.A4B55E3141418A7B152E93612DAAA200.e.23}], script=documents[0].scrollIntoView();}]
Capabilities {acceptInsecureCerts: false, browserName: chrome, browserVersion: 124.0.6367.119, chrome: {chromedriverVersion: 124.0.6367.201 (46cf136d27d..., userDataDir: C:\Users\MOOKAP~1\AppData\L...}, fedcm:accounts: true, goog:chromeOptions: {debuggerAddress: localhost:53132}, networkConnectionEnabled: false, pageLoadStrategy: normal, platformName: windows, proxy: Proxy(), se:cdp: ws://localhost:53132/devtoo..., se:cdpVersion: 124.0.6367.119, setWindowRect: true, strictFileInteractability: false, timeouts: {implicit: 0, pageLoad: 300000, script: 30000}, unhandledPromptBehavior: dismiss and notify, webauthn:extension:credBlob: true, webauthn:extension:largeBlob: true, webauthn:extension:minPinLength: true, webauthn:extension:prf: true, webauthn:virtualAuthenticators: true}
Session ID: 8b84e9a69dede782c4f4573ef0cbf0e6
	at org.openqa.selenium.remote.ErrorCodec.decode(ErrorCodec.java:167)
	at org.openqa.selenium.remote.codec.w3c.W3CHttpResponseCodec.decode(W3CHttpResponseCodec.java:138)
	at org.openqa.selenium.remote.codec.w3c.W3CHttpResponseCodec.decode(W3CHttpResponseCodec.java:50)
	at org.openqa.selenium.remote.HttpCommandExecutor.execute(HttpCommandExecutor.java:190)
	at org.openqa.selenium.remote.service.DriverCommandExecutor.invokeExecute(DriverCommandExecutor.java:216)
	at org.openqa.selenium.remote.service.DriverCommandExecutor.execute(DriverCommandExecutor.java:174)
	at org.openqa.selenium.remote.RemoteWebDriver.execute(RemoteWebDriver.java:518)
	at org.openqa.selenium.remote.RemoteWebDriver.executeScript(RemoteWebDriver.java:463)
	at Test_Application_Scripts.UtilsTestNg.registerApp(UtilsTestNg.java:44)
	at java.base/java.util.ArrayList.forEach(ArrayList.java:1511)
... Removed 32 stack frames</div></td></tr></table><p class="totop"><a href="#summary">back to summary</a></p>
<h3 id="m5">Test_Application_Scripts.UtilsTestNg#registerApp</h3><table class="result"><tr><th>Exception</th></tr><tr><td><div class="stacktrace">org.openqa.selenium.JavascriptException: javascript error: documents is not defined
  (Session info: chrome=124.0.6367.119)
Build info: version: &apos;4.20.0&apos;, revision: &apos;866c76ca80&apos;
System info: os.name: &apos;Windows 10&apos;, os.arch: &apos;amd64&apos;, os.version: &apos;10.0&apos;, java.version: &apos;17.0.10&apos;
Driver info: org.openqa.selenium.chrome.ChromeDriver
Command: [8b84e9a69dede782c4f4573ef0cbf0e6, executeScript {args=[{element-6066-11e4-a52e-4f735466cecf=f.0FAEE8B56FFF8F731279161D53EFCD64.d.A4B55E3141418A7B152E93612DAAA200.e.23}], script=documents[0].scrollIntoView();}]
Capabilities {acceptInsecureCerts: false, browserName: chrome, browserVersion: 124.0.6367.119, chrome: {chromedriverVersion: 124.0.6367.201 (46cf136d27d..., userDataDir: C:\Users\MOOKAP~1\AppData\L...}, fedcm:accounts: true, goog:chromeOptions: {debuggerAddress: localhost:53132}, networkConnectionEnabled: false, pageLoadStrategy: normal, platformName: windows, proxy: Proxy(), se:cdp: ws://localhost:53132/devtoo..., se:cdpVersion: 124.0.6367.119, setWindowRect: true, strictFileInteractability: false, timeouts: {implicit: 0, pageLoad: 300000, script: 30000}, unhandledPromptBehavior: dismiss and notify, webauthn:extension:credBlob: true, webauthn:extension:largeBlob: true, webauthn:extension:minPinLength: true, webauthn:extension:prf: true, webauthn:virtualAuthenticators: true}
Session ID: 8b84e9a69dede782c4f4573ef0cbf0e6
	at org.openqa.selenium.remote.ErrorCodec.decode(ErrorCodec.java:167)
	at org.openqa.selenium.remote.codec.w3c.W3CHttpResponseCodec.decode(W3CHttpResponseCodec.java:138)
	at org.openqa.selenium.remote.codec.w3c.W3CHttpResponseCodec.decode(W3CHttpResponseCodec.java:50)
	at org.openqa.selenium.remote.HttpCommandExecutor.execute(HttpCommandExecutor.java:190)
	at org.openqa.selenium.remote.service.DriverCommandExecutor.invokeExecute(DriverCommandExecutor.java:216)
	at org.openqa.selenium.remote.service.DriverCommandExecutor.execute(DriverCommandExecutor.java:174)
	at org.openqa.selenium.remote.RemoteWebDriver.execute(RemoteWebDriver.java:518)
	at org.openqa.selenium.remote.RemoteWebDriver.executeScript(RemoteWebDriver.java:463)
	at Test_Application_Scripts.UtilsTestNg.registerApp(UtilsTestNg.java:44)
	at java.base/java.util.ArrayList.forEach(ArrayList.java:1511)
... Removed 32 stack frames</div></td></tr></table><p class="totop"><a href="#summary">back to summary</a></p>
<h3 id="m6">Test_Application_Scripts.BaseClass#dropDown</h3><table class="result"><tr><th class="invisible"/></tr></table><p class="totop"><a href="#summary">back to summary</a></p>
<h3 id="m7">Test_Application_Scripts.BaseClass#takeSectionScreenshot</h3><table class="result"><tr><th class="invisible"/></tr></table><p class="totop"><a href="#summary">back to summary</a></p>
<h3 id="m8">Test_Application_Scripts.UtilsTestNg#getScreenshotOfFooter</h3><table class="result"><tr><th class="invisible"/></tr></table><p class="totop"><a href="#summary">back to summary</a></p>
<h3 id="m9">Test_Application_Scripts.UtilsTestNg#getScreenshotOfFooter</h3><table class="result"><tr><th class="invisible"/></tr></table><p class="totop"><a href="#summary">back to summary</a></p>
</body>
</html>
